\BOOKMARK [0][-]{chapter*.1}{Acknowledgments}{}% 1
\BOOKMARK [0][-]{chapter*.1}{Abstract}{}% 2
\BOOKMARK [0][-]{chapter.1}{Chapter 1. Introduction}{}% 3
\BOOKMARK [1][-]{section.1.1}{Motivations}{chapter.1}% 4
\BOOKMARK [2][-]{subsection.1.1.1}{Singular perturbation problems and robustness}{section.1.1}% 5
\BOOKMARK [1][-]{section.1.2}{Goal}{chapter.1}% 6
\BOOKMARK [1][-]{section.1.3}{Literature review}{chapter.1}% 7
\BOOKMARK [2][-]{subsection.1.3.1}{Finite difference and finite volume methods}{section.1.3}% 8
\BOOKMARK [2][-]{subsection.1.3.2}{Stabilized finite element methods}{section.1.3}% 9
\BOOKMARK [1][-]{section.1.4}{Scope}{chapter.1}% 10
\BOOKMARK [1][-]{section.1.5}{Range of CFD problems}{chapter.1}% 11
\BOOKMARK [0][-]{chapter.2}{Chapter 2. Discontinuous Petrov-Galerkin: a minimum residual method for linear problems}{}% 12
\BOOKMARK [1][-]{subsection.2.0.1}{Optimal Petrov-Galerkin methods}{chapter.2}% 13
\BOOKMARK [2][-]{subsection.2.0.2}{Ultra-weak variational formulation}{subsection.2.0.1}% 14
\BOOKMARK [2][-]{subsection.2.0.3}{Choices of test and trial norms}{subsection.2.0.1}% 15
\BOOKMARK [0][-]{chapter.3}{Chapter 3. A robust DPG method for convection-diffusion}{}% 16
\BOOKMARK [1][-]{section.3.1}{DPG formulation for convection-diffusion}{chapter.3}% 17
\BOOKMARK [2][-]{subsection.3.1.1}{Norms on U}{section.3.1}% 18
\BOOKMARK [2][-]{subsection.3.1.2}{Norms on V}{section.3.1}% 19
\BOOKMARK [2][-]{subsection.3.1.3}{Approximability of the quasi-optimal test norm}{section.3.1}% 20
\BOOKMARK [2][-]{subsection.3.1.4}{Analysis of a DPG test norm}{section.3.1}% 21
\BOOKMARK [1][-]{section.3.2}{Numerical experiments}{chapter.3}% 22
\BOOKMARK [2][-]{subsection.3.2.1}{Eriksson-Johnson model problem}{section.3.2}% 23
\BOOKMARK [0][-]{chapter.4}{Chapter 4. Proposed work}{}% 24
\BOOKMARK [1][-]{section.4.1}{DPG for nonlinear problems}{chapter.4}% 25
\BOOKMARK [2][-]{subsection.4.1.1}{Nonlinear solution strategies}{section.4.1}% 26
\BOOKMARK [2][-]{subsection.4.1.2}{DPG as a nonlinear minimum residual method}{section.4.1}% 27
\BOOKMARK [1][-]{section.4.2}{The viscous Burgers equation}{chapter.4}% 28
\BOOKMARK [1][-]{section.4.3}{The compressible Navier-Stokes equations}{chapter.4}% 29
\BOOKMARK [2][-]{subsection.4.3.1}{Nondimensionalization}{section.4.3}% 30
\BOOKMARK [2][-]{subsection.4.3.2}{Linearization}{section.4.3}% 31
\BOOKMARK [2][-]{subsection.4.3.3}{Test norm}{section.4.3}% 32
\BOOKMARK [2][-]{subsection.4.3.4}{Boundary conditions}{section.4.3}% 33
\BOOKMARK [2][-]{subsection.4.3.5}{Numerical experiments}{section.4.3}% 34
\BOOKMARK [1][-]{section.4.4}{Area requirements}{chapter.4}% 35
\BOOKMARK [2][-]{subsection.4.4.1}{Area A}{section.4.4}% 36
\BOOKMARK [2][-]{subsection.4.4.2}{Area B}{section.4.4}% 37
\BOOKMARK [2][-]{subsection.4.4.3}{Area C}{section.4.4}% 38
\BOOKMARK [0][-]{chapter*.10}{Bibliography}{}% 39
\BOOKMARK [0][-]{chapter*.10}{Appendix}{}% 40
\BOOKMARK [0][-]{appendix.A}{Appendix 1. Proof of lemmas/stability of the adjoint problem}{}% 41
