This is pdfTeX, Version 3.1415926-1.40.11 (TeX Live 2010) (format=pdflatex 2010.7.21)  11 JAN 2012 15:58
entering extended mode
 \write18 enabled.
 %&-line parsing enabled.
**SANDreport.tex
(./SANDreport.tex
LaTeX2e <2009/09/24>
Babel <v3.8l> and hyphenation patterns for english, dumylang, nohyphenation, ge
rman-x-2009-06-19, ngerman-x-2009-06-19, ancientgreek, ibycus, arabic, armenian
, basque, bulgarian, catalan, pinyin, coptic, croatian, czech, danish, dutch, u
kenglish, usenglishmax, esperanto, estonian, farsi, finnish, french, galician, 
german, ngerman, swissgerman, monogreek, greek, hungarian, icelandic, assamese,
 bengali, gujarati, hindi, kannada, malayalam, marathi, oriya, panjabi, tamil, 
telugu, indonesian, interlingua, irish, italian, kurmanji, lao, latin, latvian,
 lithuanian, mongolian, mongolianlmc, bokmal, nynorsk, polish, portuguese, roma
nian, russian, sanskrit, serbian, slovak, slovenian, spanish, swedish, turkish,
 turkmen, ukrainian, uppersorbian, welsh, loaded.
(./SANDreport.cls
Using Sandia Technical Report class: 2006/09/19,  v1.25 Rolf Riesen
(/usr/local/texlive/2010/texmf-dist/tex/latex/base/ifthen.sty
Package: ifthen 2001/05/26 v1.1c Standard LaTeX ifthen package (DPC)
)
(/usr/local/texlive/2010/texmf-dist/tex/latex/graphics/color.sty
Package: color 2005/11/14 v1.0j Standard LaTeX Color (DPC)

(/usr/local/texlive/2010/texmf-dist/tex/latex/latexconfig/color.cfg
File: color.cfg 2007/01/18 v1.5 color configuration of teTeX/TeXLive
)
Package color Info: Driver file: pdftex.def on input line 130.

(/usr/local/texlive/2010/texmf-dist/tex/latex/pdftex-def/pdftex.def
File: pdftex.def 2010/02/14 v0.04n Graphics/color for pdfTeX
\Gread@gobject=\count79
))
(/usr/local/texlive/2010/texmf-dist/tex/latex/graphics/graphicx.sty
Package: graphicx 1999/02/16 v1.0f Enhanced LaTeX Graphics (DPC,SPQR)

(/usr/local/texlive/2010/texmf-dist/tex/latex/graphics/keyval.sty
Package: keyval 1999/03/16 v1.13 key=value parser (DPC)
\KV@toks@=\toks14
)
(/usr/local/texlive/2010/texmf-dist/tex/latex/graphics/graphics.sty
Package: graphics 2009/02/05 v1.0o Standard LaTeX Graphics (DPC,SPQR)

(/usr/local/texlive/2010/texmf-dist/tex/latex/graphics/trig.sty
Package: trig 1999/03/16 v1.09 sin cos tan (DPC)
)
(/usr/local/texlive/2010/texmf-dist/tex/latex/latexconfig/graphics.cfg
File: graphics.cfg 2010/04/23 v1.9 graphics configuration of TeX Live
)
Package graphics Info: Driver file: pdftex.def on input line 91.
)
\Gin@req@height=\dimen102
\Gin@req@width=\dimen103
)
\c@SANDprintingCnt=\count80
\c@SANDreDistCnt=\count81

(/usr/local/texlive/2010/texmf-dist/tex/latex/tools/calc.sty
Package: calc 2007/08/22 v4.3 Infix arithmetic (KKT,FJ)
\calc@Acount=\count82
\calc@Bcount=\count83
\calc@Adimen=\dimen104
\calc@Bdimen=\dimen105
\calc@Askip=\skip41
\calc@Bskip=\skip42
LaTeX Info: Redefining \setlength on input line 76.
LaTeX Info: Redefining \addtolength on input line 77.
\calc@Ccount=\count84
\calc@Cskip=\skip43
)
(/usr/local/texlive/2010/texmf-dist/tex/latex/fancyhdr/fancyhdr.sty
\fancy@headwidth=\skip44
\f@ncyO@elh=\skip45
\f@ncyO@erh=\skip46
\f@ncyO@olh=\skip47
\f@ncyO@orh=\skip48
\f@ncyO@elf=\skip49
\f@ncyO@erf=\skip50
\f@ncyO@olf=\skip51
\f@ncyO@orf=\skip52
)
Document Class: SANDreport 2006/09/19 v1.25 
File: SANDreport.cls 2006/09/19 v1.25 
(/usr/local/texlive/2010/texmf-dist/tex/latex/base/article.cls
Document Class: article 2007/10/19 v1.4h Standard LaTeX document class
(/usr/local/texlive/2010/texmf-dist/tex/latex/base/fleqn.clo
File: fleqn.clo 1998/08/17 v1.1c Standard LaTeX option (flush left equations)
\mathindent=\dimen106
)
(/usr/local/texlive/2010/texmf-dist/tex/latex/base/size12.clo
File: size12.clo 2007/10/19 v1.4h Standard LaTeX file (size option)
)
\c@part=\count85
\c@section=\count86
\c@subsection=\count87
\c@subsubsection=\count88
\c@paragraph=\count89
\c@subparagraph=\count90
\c@figure=\count91
\c@table=\count92
\abovecaptionskip=\skip53
\belowcaptionskip=\skip54
\bibindent=\dimen107
)
(/usr/local/texlive/2010/texmf-dist/tex/latex/geometry/geometry.sty
Package: geometry 2010/07/13 v5.5 Page Geometry

(/usr/local/texlive/2010/texmf-dist/tex/generic/oberdiek/ifpdf.sty
Package: ifpdf 2010/01/28 v2.1 Provides the ifpdf switch (HO)
Package ifpdf Info: pdfTeX in pdf mode detected.
)
(/usr/local/texlive/2010/texmf-dist/tex/generic/oberdiek/ifvtex.sty
Package: ifvtex 2010/03/01 v1.5 Switches for detecting VTeX and its modes (HO)
Package ifvtex Info: VTeX not detected.
)
\Gm@cnth=\count93
\Gm@cntv=\count94
\c@Gm@tempcnt=\count95
\Gm@bindingoffset=\dimen108
\Gm@wd@mp=\dimen109
\Gm@odd@mp=\dimen110
\Gm@even@mp=\dimen111
\Gm@layoutwidth=\dimen112
\Gm@layoutheight=\dimen113
\Gm@layouthoffset=\dimen114
\Gm@layoutvoffset=\dimen115
\Gm@dimlist=\toks15
)
\SANDrePrintDistBox=\box26
\SANDrePrintDistBoxSecond=\box27
\SANDrePrintDistBoxThird=\box28
\SANDrePrintDistBoxFourth=\box29
\SANDrePrintDistBoxFifth=\box30
\MarkTitletempbox=\box31
\SANDcaptionwidth=\skip55
\SANDtempbox=\box32
)
(/usr/local/texlive/2010/texmf-dist/tex/latex/amsfonts/amsfonts.sty
Package: amsfonts 2009/06/22 v3.00 Basic AMSFonts support
\@emptytoks=\toks16
\symAMSa=\mathgroup4
\symAMSb=\mathgroup5
LaTeX Font Info:    Overwriting math alphabet `\mathfrak' in version `bold'
(Font)                  U/euf/m/n --> U/euf/b/n on input line 96.
)
(/usr/local/texlive/2010/texmf-dist/tex/latex/amsmath/amsmath.sty
Package: amsmath 2000/07/18 v2.13 AMS math features
\@mathmargin=\skip56

For additional information on amsmath, use the `?' option.
(/usr/local/texlive/2010/texmf-dist/tex/latex/amsmath/amstext.sty
Package: amstext 2000/06/29 v2.01

(/usr/local/texlive/2010/texmf-dist/tex/latex/amsmath/amsgen.sty
File: amsgen.sty 1999/11/30 v2.0
\@emptytoks=\toks17
\ex@=\dimen116
))
(/usr/local/texlive/2010/texmf-dist/tex/latex/amsmath/amsbsy.sty
Package: amsbsy 1999/11/29 v1.2d
\pmbraise@=\dimen117
)
(/usr/local/texlive/2010/texmf-dist/tex/latex/amsmath/amsopn.sty
Package: amsopn 1999/12/14 v2.01 operator names
)
\inf@bad=\count96
LaTeX Info: Redefining \frac on input line 211.
\uproot@=\count97
\leftroot@=\count98
LaTeX Info: Redefining \overline on input line 307.
\classnum@=\count99
\DOTSCASE@=\count100
LaTeX Info: Redefining \ldots on input line 379.
LaTeX Info: Redefining \dots on input line 382.
LaTeX Info: Redefining \cdots on input line 467.
\Mathstrutbox@=\box33
\strutbox@=\box34
\big@size=\dimen118
LaTeX Font Info:    Redeclaring font encoding OML on input line 567.
LaTeX Font Info:    Redeclaring font encoding OMS on input line 568.
\macc@depth=\count101
\c@MaxMatrixCols=\count102
\dotsspace@=\muskip10
\c@parentequation=\count103
\dspbrk@lvl=\count104
\tag@help=\toks18
\row@=\count105
\column@=\count106
\maxfields@=\count107
\andhelp@=\toks19
\eqnshift@=\dimen119
\alignsep@=\dimen120
\tagshift@=\dimen121
\tagwidth@=\dimen122
\totwidth@=\dimen123
\lineht@=\dimen124
\@envbody=\toks20
\multlinegap=\skip57
\multlinetaggap=\skip58
\mathdisplay@stack=\toks21
LaTeX Info: Redefining \[ on input line 2666.
LaTeX Info: Redefining \] on input line 2667.
)
(/usr/local/texlive/2010/texmf-dist/tex/latex/subfigure/subfigure.sty
Package: subfigure 2002/03/15 v2.1.5 subfigure package
\subfigtopskip=\skip59
\subfigcapskip=\skip60
\subfigcaptopadj=\dimen125
\subfigbottomskip=\skip61
\subfigcapmargin=\dimen126
\subfiglabelskip=\skip62
\c@subfigure=\count108
\c@lofdepth=\count109
\c@subtable=\count110
\c@lotdepth=\count111

****************************************
* Local config file subfigure.cfg used *
****************************************
(/usr/local/texlive/2010/texmf-dist/tex/latex/subfigure/subfigure.cfg)
\subfig@top=\skip63
\subfig@bottom=\skip64
)
(/usr/local/texlive/2010/texmf-dist/tex/latex/xcolor/xcolor.sty
Package: xcolor 2007/01/21 v2.11 LaTeX color extensions (UK)

(/usr/local/texlive/2010/texmf-dist/tex/latex/latexconfig/color.cfg
File: color.cfg 2007/01/18 v1.5 color configuration of teTeX/TeXLive
)
Package xcolor Info: Driver file: pdftex.def on input line 225.
LaTeX Info: Redefining \color on input line 702.
Package xcolor Info: Model `cmy' substituted by `cmy0' on input line 1337.
Package xcolor Info: Model `hsb' substituted by `rgb' on input line 1341.
Package xcolor Info: Model `RGB' extended on input line 1353.
Package xcolor Info: Model `HTML' substituted by `rgb' on input line 1355.
Package xcolor Info: Model `Hsb' substituted by `hsb' on input line 1356.
Package xcolor Info: Model `tHsb' substituted by `hsb' on input line 1357.
Package xcolor Info: Model `HSB' substituted by `hsb' on input line 1358.
Package xcolor Info: Model `Gray' substituted by `gray' on input line 1359.
Package xcolor Info: Model `wave' substituted by `hsb' on input line 1360.
)
(/usr/local/texlive/2010/texmf-dist/tex/latex/listings/listings.sty
\lst@mode=\count112
\lst@gtempboxa=\box35
\lst@token=\toks22
\lst@length=\count113
\lst@currlwidth=\dimen127
\lst@column=\count114
\lst@pos=\count115
\lst@lostspace=\dimen128
\lst@width=\dimen129
\lst@newlines=\count116
\lst@lineno=\count117
\lst@maxwidth=\dimen130

(/usr/local/texlive/2010/texmf-dist/tex/latex/listings/lstmisc.sty
File: lstmisc.sty 2007/02/22 1.4 (Carsten Heinz)
\c@lstnumber=\count118
\lst@skipnumbers=\count119
\lst@framebox=\box36
)
(/usr/local/texlive/2010/texmf-dist/tex/latex/listings/listings.cfg
File: listings.cfg 2007/02/22 1.4 listings configuration
))
Package: listings 2007/02/22 1.4 (Carsten Heinz)

(/usr/local/texlive/2010/texmf-dist/tex/latex/psnfss/courier.sty
Package: courier 2005/04/12 PSNFSS-v9.2a (WaS) 
)
(/usr/local/texlive/2010/texmf-dist/tex/latex/listings/lstlang1.sty
File: lstlang1.sty 2004/09/05 1.3 listings language file
)
(/usr/local/texlive/2010/texmf-dist/tex/latex/listings/lstlang1.sty
File: lstlang1.sty 2004/09/05 1.3 listings language file
)
(/usr/local/texlive/2010/texmf-dist/tex/latex/listings/lstmisc.sty
File: lstmisc.sty 2007/02/22 1.4 (Carsten Heinz)
)

LaTeX Warning: Unused global option(s):
    [pdf,article,relaxed].

No file SANDreport.aux.
\openout1 = `SANDreport.aux'.

LaTeX Font Info:    Checking defaults for OML/cmm/m/it on input line 124.
LaTeX Font Info:    ... okay on input line 124.
LaTeX Font Info:    Checking defaults for T1/cmr/m/n on input line 124.
LaTeX Font Info:    ... okay on input line 124.
LaTeX Font Info:    Checking defaults for OT1/cmr/m/n on input line 124.
LaTeX Font Info:    ... okay on input line 124.
LaTeX Font Info:    Checking defaults for OMS/cmsy/m/n on input line 124.
LaTeX Font Info:    ... okay on input line 124.
LaTeX Font Info:    Checking defaults for OMX/cmex/m/n on input line 124.
LaTeX Font Info:    ... okay on input line 124.
LaTeX Font Info:    Checking defaults for U/cmr/m/n on input line 124.
LaTeX Font Info:    ... okay on input line 124.
(/usr/local/texlive/2010/texmf-dist/tex/context/base/supp-pdf.mkii
[Loading MPS to PDF converter (version 2006.09.02).]
\scratchcounter=\count120
\scratchdimen=\dimen131
\scratchbox=\box37
\nofMPsegments=\count121
\nofMParguments=\count122
\everyMPshowfont=\toks23
\MPscratchCnt=\count123
\MPscratchDim=\dimen132
\MPnumerator=\count124
\everyMPtoPDFconversion=\toks24
) (/usr/local/texlive/2010/texmf-dist/tex/generic/oberdiek/pdftexcmds.sty
Package: pdftexcmds 2010/04/01 v0.9 Utility functions of pdfTeX for LuaTeX (HO)


(/usr/local/texlive/2010/texmf-dist/tex/generic/oberdiek/infwarerr.sty
Package: infwarerr 2010/04/08 v1.3 Providing info/warning/message (HO)
)
(/usr/local/texlive/2010/texmf-dist/tex/generic/oberdiek/ifluatex.sty
Package: ifluatex 2010/03/01 v1.3 Provides the ifluatex switch (HO)
Package ifluatex Info: LuaTeX not detected.
)
(/usr/local/texlive/2010/texmf-dist/tex/generic/oberdiek/ltxcmds.sty
Package: ltxcmds 2010/04/26 v1.7 LaTeX kernel commands for general use (HO)
)
Package pdftexcmds Info: LuaTeX not detected.
Package pdftexcmds Info: \pdf@primitive is available.
Package pdftexcmds Info: \pdf@ifprimitive is available.
)
(/usr/local/texlive/2010/texmf-dist/tex/latex/oberdiek/epstopdf-base.sty
Package: epstopdf-base 2010/02/09 v2.5 Base part for package epstopdf

(/usr/local/texlive/2010/texmf-dist/tex/latex/oberdiek/grfext.sty
Package: grfext 2007/09/30 v1.0 Managing graphics extensions (HO)
)
(/usr/local/texlive/2010/texmf-dist/tex/latex/oberdiek/kvoptions.sty
Package: kvoptions 2010/02/22 v3.7 Keyval support for LaTeX options (HO)

(/usr/local/texlive/2010/texmf-dist/tex/generic/oberdiek/kvsetkeys.sty
Package: kvsetkeys 2010/03/01 v1.9 Key value parser (HO)

(/usr/local/texlive/2010/texmf-dist/tex/generic/oberdiek/etexcmds.sty
Package: etexcmds 2010/01/28 v1.3 Prefix for e-TeX command names (HO)
Package etexcmds Info: Could not find \expanded.
(etexcmds)             That can mean that you are not using pdfTeX 1.50 or
(etexcmds)             that some package has redefined \expanded.
(etexcmds)             In the latter case, load this package earlier.
)))
Package grfext Info: Graphics extension search list:
(grfext)             [.png,.pdf,.jpg,.mps,.jpeg,.jbig2,.jb2,.PNG,.PDF,.JPG,.JPE
G,.JBIG2,.JB2,.eps]
(grfext)             \AppendGraphicsExtensions on input line 436.

(/usr/local/texlive/2010/texmf-dist/tex/latex/latexconfig/epstopdf-sys.cfg
File: epstopdf-sys.cfg 2010/07/13 v1.3 Configuration of (r)epstopdf for TeX Liv
e
))
*geometry* detected driver: pdftex
*geometry* verbose mode - [ preamble ] result:
* driver: pdftex
* paper: <default>
* layout: <same size as paper>
* layoutoffset:(h,v)=(0.0pt,0.0pt)
* modes: twoside 
* h-part:(L,W,R)=(108.405pt, 433.62pt, 72.27pt)
* v-part:(T,H,B)=(57.81598pt, 650.43pt, 86.72401pt)
* \paperwidth=614.295pt
* \paperheight=794.96999pt
* \textwidth=433.62pt
* \textheight=650.43pt
* \oddsidemargin=36.13501pt
* \evensidemargin=0.00002pt
* \topmargin=-51.45401pt
* \headheight=12.0pt
* \headsep=25.0pt
* \topskip=12.0pt
* \footskip=30.0pt
* \marginparwidth=95.0pt
* \marginparsep=10.0pt
* \columnsep=10.0pt
* \skip\footins=10.8pt plus 4.0pt minus 2.0pt
* \hoffset=0.0pt
* \voffset=0.0pt
* \mag=1000
* \@twocolumnfalse
* \@twosidetrue
* \@mparswitchtrue
* \@reversemarginfalse
* (1in=72.27pt=25.4mm, 1cm=28.453pt)

\SANDtitletempbox=\box38
LaTeX Font Info:    Try loading font information for U+msa on input line 124.
(/usr/local/texlive/2010/texmf-dist/tex/latex/amsfonts/umsa.fd
File: umsa.fd 2009/06/22 v3.00 AMS symbols A
)
LaTeX Font Info:    Try loading font information for U+msb on input line 124.

(/usr/local/texlive/2010/texmf-dist/tex/latex/amsfonts/umsb.fd
File: umsb.fd 2009/06/22 v3.00 AMS symbols B
)
\textwidththird=\skip65
\topheight=\skip66
\topleftwidth=\skip67
\topmiddlewidth=\skip68
\toprightwidth=\skip69
\c@lstlisting=\count125
\coverindent=\skip70
LaTeX Font Info:    Try loading font information for OT1+phv on input line 129.


(/usr/local/texlive/2010/texmf-dist/tex/latex/psnfss/ot1phv.fd
File: ot1phv.fd 2001/06/04 scalable font definitions for OT1/phv.
)
Underfull \hbox (badness 10000) in paragraph at lines 129--129

 []


Underfull \hbox (badness 10000) in paragraph at lines 129--129

 []

<snllineblk.pdf, id=1, 241.90375pt x 38.1425pt>
File: snllineblk.pdf Graphic file (type pdf)
 <use snllineblk.pdf> [1

{/usr/local/texlive/2010/texmf-var/fonts/map/pdftex/updmap/pdftex.map} <./snlli
neblk.pdf>]
LaTeX Font Info:    Try loading font information for OT1+pnc on input line 129.

 (/usr/local/texlive/2010/texmf-dist/tex/latex/psnfss/ot1pnc.fd
File: ot1pnc.fd 2001/06/04 font definitions for OT1/pnc.
)
<DOEbwlogo.pdf, id=13, 286.06876pt x 286.06876pt>
File: DOEbwlogo.pdf Graphic file (type pdf)
 <use DOEbwlogo.pdf>
Underfull \hbox (badness 10000) in paragraph at lines 129--129

 []

[2 <./DOEbwlogo.pdf>] [3]

LaTeX Warning: Citation `DPG1' on page 4 undefined on input line 136.


LaTeX Warning: Citation `DPG2' on page 4 undefined on input line 136.

[4] [5


] [6

]
No file SANDreport.toc.
\tf@toc=\write3
\openout3 = `SANDreport.toc'.

[7

] [8

] (./paper.tex

LaTeX Warning: Citation `DPG1' on page 9 undefined on input line 2.


LaTeX Warning: Citation `DPG2' on page 9 undefined on input line 2.


LaTeX Warning: Citation `DPG3' on page 9 undefined on input line 2.


LaTeX Warning: Citation `DPG4' on page 9 undefined on input line 2.


LaTeX Warning: Citation `DPG5' on page 9 undefined on input line 2.


LaTeX Warning: Citation `Trilinos' on page 9 undefined on input line 2.


LaTeX Warning: Citation `Intrepid' on page 9 undefined on input line 2.


LaTeX Warning: Reference `NVR:sec:DPGintro' on page 9 undefined on input line 4
.


LaTeX Warning: Citation `Hughes' on page 9 undefined on input line 4.


LaTeX Warning: Reference `NVR:sec:DPGintro' on page 9 undefined on input line 8
.


LaTeX Warning: Reference `NVR:sec:poissonForm' on page 9 undefined on input lin
e 8.


LaTeX Warning: Reference `NVR:sec:testNorms' on page 9 undefined on input line 
8.


LaTeX Warning: Reference `NVR:sec:codeOverview' on page 9 undefined on input li
ne 8.


LaTeX Warning: Reference `NVR:sec:poissonImplementation' on page 9 undefined on
 input line 8.


LaTeX Warning: Reference `NVR:sec:meshAndSolve' on page 9 undefined on input li
ne 8.


LaTeX Warning: Reference `NVR:sec:stokesForm' on page 9 undefined on input line
 8.


LaTeX Warning: Reference `NVR:sec:numericalResults' on page 9 undefined on inpu
t line 8.


LaTeX Warning: Reference `NVR:sec:conclusion' on page 9 undefined on input line
 8.

[9

]

LaTeX Warning: Citation `DPG2' on page 10 undefined on input line 11.


LaTeX Warning: Reference `NVR:eq:avbvp' on page 10 undefined on input line 27.

[10

]

LaTeX Warning: Reference `NVR:sec:practicalRealization' on page 11 undefined on
 input line 52.


LaTeX Warning: Reference `NVR:eq:discreteAVBVP' on page 11 undefined on input l
ine 67.


LaTeX Warning: Reference `NVR:sec:stokesForm' on page 11 undefined on input lin
e 72.

[11] [12] [13

] [14

]
LaTeX Font Info:    Try loading font information for OT1+pcr on input line 133.


(/usr/local/texlive/2010/texmf-dist/tex/latex/psnfss/ot1pcr.fd
File: ot1pcr.fd 2001/06/04 font definitions for OT1/pcr.
)
LaTeX Font Info:    Font shape `OT1/pcr/bx/n' in size <12> not available
(Font)              Font shape `OT1/pcr/b/n' tried instead on input line 133.
LaTeX Font Info:    Font shape `OT1/pcr/bx/n' in size <10> not available
(Font)              Font shape `OT1/pcr/b/n' tried instead on input line 133.


LaTeX Warning: Reference `NVR:sec:HConvergenceStudy' on page 15 undefined on in
put line 156.


LaTeX Warning: Reference `NVR:sec:innerProductSpecification' on page 15 undefin
ed on input line 156.


LaTeX Warning: Reference `NVR:sec:mesh' on page 15 undefined on input line 156.



LaTeX Warning: Reference `NVR:sec:poissonBilinearForm' on page 15 undefined on 
input line 156.


LaTeX Warning: Reference `NVR:sec:poissonRHS' on page 15 undefined on input lin
e 156.


LaTeX Warning: Reference `NVR:sec:poissonBCs' on page 15 undefined on input lin
e 156.


LaTeX Warning: Reference `NVR:sec:ExactSolution' on page 15 undefined on input 
line 156.


LaTeX Warning: Reference `NVR:sec:Solution' on page 15 undefined on input line 
156.


LaTeX Warning: Reference `NVR:sec:visualization' on page 15 undefined on input 
line 156.


LaTeX Warning: Reference `NVR:sec:numericalResults' on page 15 undefined on inp
ut line 158.


Underfull \vbox (badness 1546) has occurred while \output is active []

 [15

]
[16]
LaTeX Font Info:    Try loading font information for OMS+cmr on input line 167.

 (/usr/local/texlive/2010/texmf-dist/tex/latex/base/omscmr.fd
File: omscmr.fd 1999/05/25 v2.5h Standard LaTeX font definitions
)
LaTeX Font Info:    Font shape `OMS/cmr/m/n' in size <12> not available
(Font)              Font shape `OMS/cmsy/m/n' tried instead on input line 167.
 [17

]
[18] [19] [20] [21] [22] [23]

LaTeX Warning: Citation `BochevLehoucq' on page 24 undefined on input line 493.


[24]

Package amsmath Warning: Foreign command \atopwithdelims;
(amsmath)                \frac or \genfrac should be used instead
(amsmath)                 on input line 512.

[25]

LaTeX Warning: Reference `NVR:sec:testNorms' on page 26 undefined on input line
 560.


Overfull \hbox (21.79231pt too wide) in paragraph at lines 560--561
\OT1/cmr/m/n/12 and []\OT1/pcr/m/n/12 OptimalInnerProduct\OT1/cmr/m/n/12 . The 
con-struc-tors for these sim-ply take a []\OT1/pcr/m/n/12 BilinearForm
 []


Underfull \vbox (badness 4699) has occurred while \output is active []

 [26]
[27] [28

] [29] [30] [31]

LaTeX Warning: Reference `NVR:sec:poissonForm' on page 32 undefined on input li
ne 647.


LaTeX Warning: Reference `NVR:eq:strongfirst' on page 32 undefined on input lin
e 666.

[32

] [33] [34]

LaTeX Warning: Reference `NVR:table:poissonTriRates' on page 35 undefined on in
put line 740.


LaTeX Warning: Reference `NVR:table:poissonQuadRates' on page 35 undefined on i
nput line 740.


LaTeX Warning: Reference `NVR:table:VSPTriRates' on page 35 undefined on input 
line 740.


LaTeX Warning: Reference `NVR:table:VSPQuadRates' on page 35 undefined on input
 line 740.


LaTeX Warning: Reference `NVR:table:VVPTriRates' on page 35 undefined on input 
line 740.


LaTeX Warning: Reference `NVR:table:VVPQuadRates' on page 35 undefined on input
 line 740.


Underfull \hbox (badness 10000) in paragraph at lines 744--746

 []

[35

]
Underfull \hbox (badness 10000) in paragraph at lines 762--764

 []


Underfull \hbox (badness 10000) in paragraph at lines 789--791

 []


Underfull \hbox (badness 10000) in paragraph at lines 816--818

 []

[36]

LaTeX Warning: Reference `NVR:table:PoissonHybridRates' on page 37 undefined on
 input line 845.


LaTeX Warning: Reference `NVR:fig:Poisson' on page 37 undefined on input line 8
45.


LaTeX Warning: Reference `NVR:table:VSPHybridRates' on page 37 undefined on inp
ut line 847.


LaTeX Warning: Reference `NVR:table:VVPHybridRates' on page 37 undefined on inp
ut line 847.


LaTeX Warning: Reference `NVR:fig:Stokes' on page 37 undefined on input line 84
7.

[37]
No file SANDreport.bbl.
[38

]
Underfull \hbox (badness 1584) in paragraph at lines 917--917
[]\OT1/cmr/bx/n/12 Table A.1. \OT1/cmr/m/n/10.95 Pois-son: Tri-an-gles, $\OML/c
mm/m/it/10.95 L[]$ \OT1/cmr/m/n/10.95 Er-ror and $\OML/cmm/m/it/10.95 h$\OT1/cm
r/m/n/10.95 -
 []


Underfull \hbox (badness 1112) in paragraph at lines 1047--1047
[]\OT1/cmr/bx/n/12 Table A.4. \OT1/cmr/m/n/10.95 Stokes VSP: Quads, $\OML/cmm/m
/it/10.95 L[]$ \OT1/cmr/m/n/10.95 Er-ror and $\OML/cmm/m/it/10.95 h$\OT1/cmr/m/
n/10.95 -
 []

[39


] [40] [41] [42] [43] [44] [45


] [46] [47]
<plots/poissonHybrid/phicubic16x16.pdf, id=190, 562.1pt x 421.575pt>
File: plots/poissonHybrid/phicubic16x16.pdf Graphic file (type pdf)

<use plots/poissonHybrid/phicubic16x16.pdf>
<plots/poissonHybrid/psi1cubic16x16.pdf, id=191, 562.1pt x 421.575pt>
File: plots/poissonHybrid/psi1cubic16x16.pdf Graphic file (type pdf)

<use plots/poissonHybrid/psi1cubic16x16.pdf>
<plots/poissonHybrid/psi2cubic16x16.pdf, id=192, 562.1pt x 421.575pt>
File: plots/poissonHybrid/psi2cubic16x16.pdf Graphic file (type pdf)

<use plots/poissonHybrid/psi2cubic16x16.pdf>
<plots/stokesVVPHybrid/pressurecubic16x16.pdf, id=193, 562.1pt x 421.575pt>
File: plots/stokesVVPHybrid/pressurecubic16x16.pdf Graphic file (type pdf)

<use plots/stokesVVPHybrid/pressurecubic16x16.pdf>
<plots/stokesVVPHybrid/u1cubic16x16.pdf, id=194, 562.1pt x 421.575pt>
File: plots/stokesVVPHybrid/u1cubic16x16.pdf Graphic file (type pdf)

<use plots/stokesVVPHybrid/u1cubic16x16.pdf>
<plots/stokesVVPHybrid/u2cubic16x16.pdf, id=195, 562.1pt x 421.575pt>
File: plots/stokesVVPHybrid/u2cubic16x16.pdf Graphic file (type pdf)

<use plots/stokesVVPHybrid/u2cubic16x16.pdf>)
Option "NM": Using the SNL NM default distribution list.
[48


] [49 <./plots/poissonHybrid/phicubic16x16.pdf> <./plots/poissonHybrid/psi1cubi
c16x16.pdf> <./plots/poissonHybrid/psi2cubic16x16.pdf>] [50 <./plots/stokesVVPH
ybrid/pressurecubic16x16.pdf> <./plots/stokesVVPHybrid/u1cubic16x16.pdf> <./plo
ts/stokesVVPHybrid/u2cubic16x16.pdf>] [51

] [52

] [53]
File: snllineblk.pdf Graphic file (type pdf)
 <use snllineblk.pdf>
[54] (./SANDreport.aux)

LaTeX Warning: There were undefined references.


LaTeX Warning: Label(s) may have changed. Rerun to get cross-references right.

 ) 
Here is how much of TeX's memory you used:
 5491 strings out of 493747
 76632 string characters out of 3143546
 226213 words of memory out of 3000000
 8646 multiletter control sequences out of 15000+200000
 32469 words of font info for 95 fonts, out of 3000000 for 9000
 714 hyphenation exceptions out of 8191
 38i,14n,58p,1456b,1489s stack positions out of 5000i,500n,10000p,200000b,50000s
{/usr/local/texlive/2010/texmf-dist/fonts/enc/dvips/base/8r.enc}</usr/local/t
exlive/2010/texmf-dist/fonts/type1/public/amsfonts/cm/cmbx10.pfb></usr/local/te
xlive/2010/texmf-dist/fonts/type1/public/amsfonts/cm/cmbx12.pfb></usr/local/tex
live/2010/texmf-dist/fonts/type1/public/amsfonts/cm/cmbx8.pfb></usr/local/texli
ve/2010/texmf-dist/fonts/type1/public/amsfonts/cm/cmex10.pfb></usr/local/texliv
e/2010/texmf-dist/fonts/type1/public/amsfonts/cm/cmmi10.pfb></usr/local/texlive
/2010/texmf-dist/fonts/type1/public/amsfonts/cm/cmmi12.pfb></usr/local/texlive/
2010/texmf-dist/fonts/type1/public/amsfonts/cm/cmmi6.pfb></usr/local/texlive/20
10/texmf-dist/fonts/type1/public/amsfonts/cm/cmmi8.pfb></usr/local/texlive/2010
/texmf-dist/fonts/type1/public/amsfonts/cm/cmmib10.pfb></usr/local/texlive/2010
/texmf-dist/fonts/type1/public/amsfonts/cmextra/cmmib8.pfb></usr/local/texlive/
2010/texmf-dist/fonts/type1/public/amsfonts/cm/cmr10.pfb></usr/local/texlive/20
10/texmf-dist/fonts/type1/public/amsfonts/cm/cmr12.pfb></usr/local/texlive/2010
/texmf-dist/fonts/type1/public/amsfonts/cm/cmr17.pfb></usr/local/texlive/2010/t
exmf-dist/fonts/type1/public/amsfonts/cm/cmr6.pfb></usr/local/texlive/2010/texm
f-dist/fonts/type1/public/amsfonts/cm/cmr8.pfb></usr/local/texlive/2010/texmf-d
ist/fonts/type1/public/amsfonts/cm/cmsy10.pfb></usr/local/texlive/2010/texmf-di
st/fonts/type1/public/amsfonts/cm/cmsy8.pfb></usr/local/texlive/2010/texmf-dist
/fonts/type1/public/amsfonts/cm/cmti12.pfb></usr/local/texlive/2010/texmf-dist/
fonts/type1/public/amsfonts/symbols/msbm10.pfb></usr/local/texlive/2010/texmf-d
ist/fonts/type1/urw/courier/ucrb8a.pfb></usr/local/texlive/2010/texmf-dist/font
s/type1/urw/courier/ucrr8a.pfb></usr/local/texlive/2010/texmf-dist/fonts/type1/
urw/helvetic/uhvb8a.pfb></usr/local/texlive/2010/texmf-dist/fonts/type1/urw/hel
vetic/uhvr8a.pfb></usr/local/texlive/2010/texmf-dist/fonts/type1/urw/ncntrsbk/u
ncb8a.pfb></usr/local/texlive/2010/texmf-dist/fonts/type1/urw/ncntrsbk/uncr8a.p
fb>
Output written on SANDreport.pdf (54 pages, 819109 bytes).
PDF statistics:
 333 PDF objects out of 1000 (max. 8388607)
 228 compressed objects within 3 object streams
 0 named destinations out of 1000 (max. 500000)
 41 words of extra memory for PDF output out of 10000 (max. 10000000)

